<?xml version="1.0" encoding="UTF-8"?>
<testsuite xmlns:xsi="http://www.w3.org/2001/XMLSchema-instance" xsi:noNamespaceSchemaLocation="https://maven.apache.org/surefire/maven-surefire-plugin/xsd/surefire-test-report-3.0.xsd" version="3.0" name="FichierTest" time="0.049" tests="3" errors="0" skipped="0" failures="0">
  <properties>
[...]
</properties>
  <testcase name="testGettersAndSetters" classname="FichierTest" time="0.03"/>
  <testcase name="testScanAssociation" classname="FichierTest" time="0.002"/>
  <testcase name="testConstructor" classname="FichierTest" time="0.002"/>
</testsuite>